[10Aug2025 12:15:16.614] [main/INFO] [cpw.mods.modlauncher.Launcher/MODLAUNCHER]: ModLauncher running: args [--launchTarget, forgeclientdev, --version, 21.1.180, --assetIndex, asset-index, --assetsDir, /Users/tabithahanegan/.gradle/caches/minecraft/assets/1.21.1, --gameDir, ., --fml.fmlVersion, 4.0.39, --fml.mcVersion, 1.21.1, --fml.neoForgeVersion, 21.1.180, --fml.neoFormVersion, 20240808.144430]
[10Aug2025 12:15:16.615] [main/INFO] [cpw.mods.modlauncher.Launcher/MODLAUNCHER]: JVM identified as Eclipse Adoptium OpenJDK 64-Bit Server VM 21.0.8+9-LTS
[10Aug2025 12:15:16.616] [main/INFO] [cpw.mods.modlauncher.Launcher/MODLAUNCHER]: ModLauncher 11.0.5+main.901c6ea8 starting: java version 21.0.8 by Eclipse Adoptium; OS Mac OS X arch aarch64 version 26.0
[10Aug2025 12:15:16.670] [main/INFO] [net.neoforged.fml.loading.ImmediateWindowHandler/]: Loading ImmediateWindowProvider fmlearlywindow
[10Aug2025 12:15:16.793] [main/INFO] [EARLYDISPLAY/]: Trying GL version 4.6
[10Aug2025 12:15:16.841] [main/INFO] [EARLYDISPLAY/]: Trying GL version 4.5
[10Aug2025 12:15:16.848] [main/INFO] [EARLYDISPLAY/]: Trying GL version 4.4
[10Aug2025 12:15:16.859] [main/INFO] [EARLYDISPLAY/]: Trying GL version 4.3
[10Aug2025 12:15:16.866] [main/INFO] [EARLYDISPLAY/]: Trying GL version 4.2
[10Aug2025 12:15:16.876] [main/INFO] [EARLYDISPLAY/]: Trying GL version 4.1
[10Aug2025 12:15:16.893] [main/INFO] [EARLYDISPLAY/]: Requested GL version 4.1 got version 4.1
[10Aug2025 12:15:17.002] [main/INFO] [mixin/]: SpongePowered MIXIN Subsystem Version=0.8.7 Source=union:/Users/tabithahanegan/.gradle/caches/modules-2/files-2.1/net.fabricmc/sponge-mixin/0.15.2+mixin.0.8.7/2af2f021d8e02a0220dc27a7a72b4666d66d44ca/sponge-mixin-0.15.2+mixin.0.8.7.jar%23140!/ Service=ModLauncher Env=CLIENT
[10Aug2025 12:15:17.141] [main/INFO] [net.neoforged.fml.loading.moddiscovery.ModDiscoverer/SCAN]: Found mod file "neoforge-21.1.180.jar" [locator: neoforge devenv provider ([/Users/tabithahanegan/Git/ADG-Resources/.gradle/repositories/ng_dummy_ng/net/neoforged/neoforge/21.1.180/neoforge-21.1.180.jar])]
[10Aug2025 12:15:17.152] [main/INFO] [net.neoforged.fml.loading.moddiscovery.ModDiscoverer/SCAN]: Found mod file "neoforge-21.1.180.jar" [locator: neoforge devenv provider ([/Users/tabithahanegan/Git/ADG-Resources/.gradle/repositories/ng_dummy_ng/net/neoforged/neoforge/21.1.180/neoforge-21.1.180.jar])]
[10Aug2025 12:15:17.157] [main/INFO] [net.neoforged.fml.loading.moddiscovery.ModDiscoverer/SCAN]: Found mod file "main" [locator: userdev mods and services, reader: mod manifest]
[10Aug2025 12:15:17.162] [main/INFO] [net.neoforged.fml.loading.moddiscovery.ModDiscoverer/SCAN]: Found mod file "neoforge-21.1.180.jar" [locator: userdev mods and services, reader: mod manifest]
[10Aug2025 12:15:17.166] [main/INFO] [net.neoforged.fml.loading.moddiscovery.ModDiscoverer/SCAN]: Found gamelibrary file "mixinextras-neoforge-0.4.1.jar" [locator: userdev mods and services, reader: mod manifest]
[10Aug2025 12:15:17.219] [main/WARN] [net.neoforged.jarjar.selection.JarSelector/]: Attempted to select a dependency jar for JarJar which was passed in as source: library:mixinextras.neoforge. Using Mod File: /Users/tabithahanegan/.gradle/caches/modules-2/files-2.1/io.github.llamalad7/mixinextras-neoforge/0.4.1/eff97772ecd0dcf8e52cdbafd3b3ccec425f8314/mixinextras-neoforge-0.4.1.jar
[10Aug2025 12:15:17.219] [main/INFO] [net.neoforged.fml.loading.moddiscovery.locators.JarInJarDependencyLocator/]: Found 1 dependencies adding them to mods collection
[10Aug2025 12:15:17.219] [main/INFO] [net.neoforged.fml.loading.moddiscovery.ModDiscoverer/SCAN]: Found library file "net.neoforged.neoforge-coremods-21.1.180.jar" [parent: neoforge-21.1.180.jar, locator: jarinjar, reader: mod manifest]
[10Aug2025 12:15:17.219] [main/INFO] [net.neoforged.fml.loading.moddiscovery.ModDiscoverer/]: 
     Mod List:
		Name Version (Mod Id)

		Asylum Resources 1.1.0 (asylumresources)
		Minecraft 1.21.1 (minecraft)
		NeoForge 21.1.180 (neoforge)
[10Aug2025 12:15:17.232] [pool-2-thread-1/INFO] [EARLYDISPLAY/]: GL info: Apple M3 GL version 4.1 Metal - 90.5, Apple
[10Aug2025 12:15:17.442] [main/INFO] [cpw.mods.modlauncher.LaunchServiceHandler/MODLAUNCHER]: Launching target 'forgeclientdev' with arguments [--version, 21.1.180, --gameDir, ., --assetsDir, /Users/tabithahanegan/.gradle/caches/minecraft/assets/1.21.1, --assetIndex, asset-index]
[10Aug2025 12:15:18.260] [Datafixer Bootstrap/INFO] [com.mojang.datafixers.DataFixerBuilder/]: 229 Datafixer optimizations took 194 milliseconds
[10Aug2025 12:15:18.894] [pool-7-thread-1/INFO] [MixinExtras|Service/]: Initializing MixinExtras via com.llamalad7.mixinextras.service.MixinExtrasServiceImpl(version=0.4.1).
[10Aug2025 12:15:21.193] [main/WARN] [net.minecraft.commands.Commands/]: Ambiguity between arguments [teleport, location] and [teleport, destination] with inputs: [0.1 -0.5 .9, 0 0 0]
[10Aug2025 12:15:21.194] [main/WARN] [net.minecraft.commands.Commands/]: Ambiguity between arguments [teleport, location] and [teleport, targets] with inputs: [0.1 -0.5 .9, 0 0 0]
[10Aug2025 12:15:21.195] [main/WARN] [net.minecraft.commands.Commands/]: Ambiguity between arguments [teleport, destination] and [teleport, targets] with inputs: [Player, 0123, @e, dd12be42-52a9-4a91-a8a1-11c01849e498]
[10Aug2025 12:15:21.195] [main/WARN] [net.minecraft.commands.Commands/]: Ambiguity between arguments [teleport, targets] and [teleport, destination] with inputs: [Player, 0123, dd12be42-52a9-4a91-a8a1-11c01849e498]
[10Aug2025 12:15:21.196] [main/WARN] [net.minecraft.commands.Commands/]: Ambiguity between arguments [teleport, targets, location] and [teleport, targets, destination] with inputs: [0.1 -0.5 .9, 0 0 0]
[10Aug2025 12:15:21.241] [Render thread/WARN] [net.minecraft.server.packs.VanillaPackResourcesBuilder/]: Assets URL 'union:/Users/tabithahanegan/Git/ADG-Resources/.gradle/repositories/ng_dummy_ng/net/neoforged/neoforge/21.1.180/neoforge-21.1.180.jar%23194!/assets/.mcassetsroot' uses unexpected schema
[10Aug2025 12:15:21.241] [Render thread/WARN] [net.minecraft.server.packs.VanillaPackResourcesBuilder/]: Assets URL 'union:/Users/tabithahanegan/Git/ADG-Resources/.gradle/repositories/ng_dummy_ng/net/neoforged/neoforge/21.1.180/neoforge-21.1.180.jar%23194!/data/.mcassetsroot' uses unexpected schema
[10Aug2025 12:15:21.250] [Render thread/INFO] [com.mojang.authlib.yggdrasil.YggdrasilAuthenticationService/]: Environment: Environment[sessionHost=https://sessionserver.mojang.com, servicesHost=https://api.minecraftservices.com, name=PROD]
[10Aug2025 12:15:21.253] [Render thread/INFO] [net.minecraft.client.Minecraft/]: Setting user: Dev
[10Aug2025 12:15:21.290] [Render thread/INFO] [net.minecraft.client.Minecraft/]: Backend library: LWJGL version 3.3.3+5
[10Aug2025 12:15:21.836] [modloading-worker-0/INFO] [net.neoforged.neoforge.common.NeoForgeMod/NEOFORGE-MOD]: NeoForge mod loading, version 21.1.180, for MC 1.21.1
[10Aug2025 12:15:21.848] [modloading-worker-0/INFO] [com.furtabs.asylumresources.AsylumRes/]: Asylum Resources mod initialized!
[10Aug2025 12:15:22.203] [Render thread/INFO] [net.neoforged.neoforge.gametest.GameTestHooks/]: Enabled Gametest Namespaces: []
[10Aug2025 12:15:22.800] [Render thread/INFO] [net.minecraft.server.packs.resources.ReloadableResourceManager/]: Reloading ResourceManager: vanilla, mod_resources, mod/asylumresources, mod/neoforge
[10Aug2025 12:15:22.870] [Worker-Main-4/INFO] [net.minecraft.client.gui.font.providers.UnihexProvider/]: Found unifont_all_no_pua-15.1.05.hex, loading
[10Aug2025 12:15:23.217] [Worker-Main-1/INFO] [net.minecraft.client.gui.font.providers.UnihexProvider/]: Found unifont_jp_patch-15.1.05.hex, loading
[10Aug2025 12:15:24.329] [Render thread/WARN] [net.minecraft.client.sounds.SoundEngine/]: Missing sound for event: minecraft:item.goat_horn.play
[10Aug2025 12:15:24.330] [Render thread/WARN] [net.minecraft.client.sounds.SoundEngine/]: Missing sound for event: minecraft:entity.goat.screaming.horn_break
[10Aug2025 12:15:25.864] [Render thread/INFO] [com.mojang.blaze3d.audio.Library/]: OpenAL initialized on device MacBook Air Speakers
[10Aug2025 12:15:25.866] [Render thread/INFO] [net.minecraft.client.sounds.SoundEngine/SOUNDS]: Sound engine started
[10Aug2025 12:15:25.927] [Render thread/INFO] [net.minecraft.client.renderer.texture.TextureAtlas/]: Created: 1024x1024x4 minecraft:textures/atlas/blocks.png-atlas
[10Aug2025 12:15:25.938] [Render thread/INFO] [net.minecraft.client.renderer.texture.TextureAtlas/]: Created: 256x256x4 minecraft:textures/atlas/signs.png-atlas
[10Aug2025 12:15:25.939] [Render thread/INFO] [net.minecraft.client.renderer.texture.TextureAtlas/]: Created: 512x512x4 minecraft:textures/atlas/shield_patterns.png-atlas
[10Aug2025 12:15:25.939] [Render thread/INFO] [net.minecraft.client.renderer.texture.TextureAtlas/]: Created: 512x512x4 minecraft:textures/atlas/banner_patterns.png-atlas
[10Aug2025 12:15:25.940] [Render thread/INFO] [net.minecraft.client.renderer.texture.TextureAtlas/]: Created: 1024x1024x4 minecraft:textures/atlas/armor_trims.png-atlas
[10Aug2025 12:15:25.944] [Render thread/INFO] [net.minecraft.client.renderer.texture.TextureAtlas/]: Created: 256x256x4 minecraft:textures/atlas/chest.png-atlas
[10Aug2025 12:15:25.944] [Render thread/INFO] [net.minecraft.client.renderer.texture.TextureAtlas/]: Created: 128x64x4 minecraft:textures/atlas/decorated_pot.png-atlas
[10Aug2025 12:15:25.945] [Render thread/INFO] [net.minecraft.client.renderer.texture.TextureAtlas/]: Created: 512x256x4 minecraft:textures/atlas/beds.png-atlas
[10Aug2025 12:15:25.945] [Render thread/INFO] [net.minecraft.client.renderer.texture.TextureAtlas/]: Created: 512x256x4 minecraft:textures/atlas/shulker_boxes.png-atlas
[10Aug2025 12:15:26.032] [Render thread/INFO] [net.minecraft.client.renderer.texture.TextureAtlas/]: Created: 512x256x0 minecraft:textures/atlas/particles.png-atlas
[10Aug2025 12:15:26.033] [Render thread/INFO] [net.minecraft.client.renderer.texture.TextureAtlas/]: Created: 512x256x0 minecraft:textures/atlas/paintings.png-atlas
[10Aug2025 12:15:26.033] [Render thread/INFO] [net.minecraft.client.renderer.texture.TextureAtlas/]: Created: 256x128x0 minecraft:textures/atlas/mob_effects.png-atlas
[10Aug2025 12:15:26.034] [Render thread/INFO] [net.minecraft.client.renderer.texture.TextureAtlas/]: Created: 64x64x0 minecraft:textures/atlas/map_decorations.png-atlas
[10Aug2025 12:15:26.034] [Render thread/INFO] [net.minecraft.client.renderer.texture.TextureAtlas/]: Created: 1024x512x0 minecraft:textures/atlas/gui.png-atlas
[10Aug2025 12:15:26.067] [Render thread/WARN] [net.minecraft.client.renderer.ShaderInstance/]: Shader rendertype_entity_translucent_emissive could not find sampler named Sampler2 in the specified shader program.
[10Aug2025 12:15:26.121] [Render thread/INFO] [net.neoforged.neoforge.client.entity.animation.json.AnimationLoader/]: Loaded 0 entity animations
[10Aug2025 12:15:50.400] [Render thread/INFO] [net.minecraft.world.item.crafting.RecipeManager/]: Loaded 1586 recipes
[10Aug2025 12:15:50.471] [Render thread/INFO] [net.minecraft.advancements.AdvancementTree/]: Loaded 1695 advancements
[10Aug2025 12:15:50.767] [Server thread/INFO] [net.minecraft.client.server.IntegratedServer/]: Starting integrated minecraft server version 1.21.1
[10Aug2025 12:15:50.767] [Server thread/INFO] [net.minecraft.server.MinecraftServer/]: Generating keypair
[10Aug2025 12:15:51.991] [Server thread/INFO] [net.minecraft.server.MinecraftServer/]: Preparing start region for dimension minecraft:overworld
[10Aug2025 12:15:52.160] [progressListener/INFO] [net.minecraft.server.level.progress.LoggerChunkProgressListener/]: Preparing spawn area: 0%
[10Aug2025 12:15:52.192] [Server thread/INFO] [net.neoforged.neoforge.server.permission.PermissionAPI/]: Successfully initialized permission handler neoforge:default_handler
[10Aug2025 12:15:52.195] [progressListener/INFO] [net.minecraft.server.level.progress.LoggerChunkProgressListener/]: Time elapsed: 201 ms
[10Aug2025 12:15:52.247] [Server thread/INFO] [net.minecraft.client.server.IntegratedServer/]: Changing view distance to 12, from 10
[10Aug2025 12:15:52.248] [Server thread/INFO] [net.minecraft.client.server.IntegratedServer/]: Changing simulation distance to 12, from 0
[10Aug2025 12:15:52.545] [Server thread/INFO] [net.minecraft.server.players.PlayerList/]: Dev[local:E:f833059c] logged in with entity id 92 at (6.696689961947625, 63.0, 4.674114272460005)
[10Aug2025 12:15:52.578] [Server thread/INFO] [net.minecraft.server.MinecraftServer/]: Dev joined the game
[10Aug2025 12:15:52.811] [Render thread/INFO] [net.minecraft.advancements.AdvancementTree/]: Loaded 2 advancements
[10Aug2025 12:15:53.043] [Server thread/INFO] [net.minecraft.client.server.IntegratedServer/]: Saving and pausing game...
[10Aug2025 12:15:53.050] [Server thread/INFO] [net.minecraft.server.MinecraftServer/]: Saving chunks for level 'ServerLevel[New World]'/minecraft:overworld
[10Aug2025 12:15:53.057] [Server thread/INFO] [net.minecraft.server.MinecraftServer/]: Saving chunks for level 'ServerLevel[New World]'/minecraft:the_nether
[10Aug2025 12:15:53.059] [Server thread/INFO] [net.minecraft.server.MinecraftServer/]: Saving chunks for level 'ServerLevel[New World]'/minecraft:the_end
[10Aug2025 12:16:15.543] [Server thread/INFO] [net.minecraft.client.server.IntegratedServer/]: Saving and pausing game...
[10Aug2025 12:16:15.547] [Server thread/INFO] [net.minecraft.server.MinecraftServer/]: Saving chunks for level 'ServerLevel[New World]'/minecraft:overworld
[10Aug2025 12:16:15.561] [Server thread/INFO] [net.minecraft.server.MinecraftServer/]: Saving chunks for level 'ServerLevel[New World]'/minecraft:the_nether
[10Aug2025 12:16:15.562] [Server thread/INFO] [net.minecraft.server.MinecraftServer/]: Saving chunks for level 'ServerLevel[New World]'/minecraft:the_end
[10Aug2025 12:16:24.177] [Server thread/INFO] [net.minecraft.server.MinecraftServer/]: [Dev: Set own game mode to Survival Mode]
[10Aug2025 12:16:24.181] [Render thread/INFO] [net.minecraft.client.gui.components.ChatComponent/]: [System] [CHAT] Set own game mode to Survival Mode
[10Aug2025 12:16:40.351] [Server thread/INFO] [net.minecraft.server.MinecraftServer/]: [Dev: Gave 1 [Netherite Pickaxe] to Dev]
[10Aug2025 12:16:40.355] [Render thread/INFO] [net.minecraft.client.gui.components.ChatComponent/]: [System] [CHAT] Gave 1 [Netherite Pickaxe] to Dev
[10Aug2025 12:16:41.899] [Render thread/INFO] [net.minecraft.advancements.AdvancementTree/]: Loaded 3 advancements
